[2020-06-04T12:45:31.896737+00:00] shiftPLAN-API.DEBUG: Test Test... [] []
[2020-06-04T13:09:51.058868+00:00] shiftPLAN-API.DEBUG: Test the logging class. [] []
[2020-06-04T15:38:25.446202+00:00] shiftPLAN-API.DEBUG: Test the logging class. [] []
[2020-06-08T11:42:27.853745+00:00] shiftPLAN-API.DEBUG: Test the logging class. [] []
[2020-06-08T12:07:45.414800+00:00] shiftPLAN-API.DEBUG: Test the logging class. [] []
[2020-06-08T14:59:58.662204+00:00] shiftPLAN-API.DEBUG: Test the logging class. [] []
[2020-06-08T15:00:04.655252+00:00] shiftPLAN-API.DEBUG: Test the logging class. [] []
[2020-06-10T11:04:04.642616+00:00] shiftPLAN-API.DEBUG: Test Test Test [] []
[2020-06-10T11:05:55.444893+00:00] shiftPLAN-API.DEBUG: Test Test Test [] []
[2020-06-10T11:07:51.044698+00:00] shiftPLAN-API.DEBUG: Current time zone: UTC [] []
[2020-06-10T11:10:00.477321+00:00] shiftPLAN-API.DEBUG: Current time zone: UTC [] []
[2020-06-10T11:10:25.063892+00:00] shiftPLAN-API.DEBUG: Current time zone: UTC [] []
[2020-06-10T11:10:25.066568+00:00] shiftPLAN-API.DEBUG: Current server time zoneUTC [] []
[2020-06-10T11:15:37.675467+00:00] shiftPLAN-API.DEBUG: Current time zone: UTC [] []
[2020-06-10T11:15:37.678082+00:00] shiftPLAN-API.DEBUG: Current server time zone: UTC [] []
[2020-06-10T11:15:37.678457+00:00] shiftPLAN-API.DEBUG: Dirname: C:\Users\andreas\Documents\Programmieren\Projekte\ShiftPLAN\API\api/vendor/autoload.php [] []
[2020-06-10T11:18:59.728648+00:00] shiftPLAN-API.DEBUG: Current time zone: UTC [] []
[2020-06-10T11:18:59.731405+00:00] shiftPLAN-API.DEBUG: Current server time zone: UTC [] []
[2020-06-10T11:18:59.731785+00:00] shiftPLAN-API.DEBUG: Dirname: C:\Users\andreas\Documents\Programmieren\Projekte\ShiftPLAN\API\api/vendor/autoload.php [] []
[2020-06-10T12:10:49.518042+00:00] shiftPLAN-API.DEBUG: Current time zone: UTC [] []
[2020-06-10T12:10:49.523967+00:00] shiftPLAN-API.DEBUG: Current server time zone: UTC [] []
[2020-06-10T12:10:49.524350+00:00] shiftPLAN-API.DEBUG: Dirname: C:\Users\andreas\Documents\Programmieren\Projekte\ShiftPLAN\API\api\helperClasses/vendor/autoload.php [] []
[2020-06-10T12:10:49.524736+00:00] shiftPLAN-API.DEBUG: Dirname: C:\Users\andreas\Documents\Programmieren\Projekte\ShiftPLAN\API\api/vendor/autoload.php [] []
[2020-06-10T14:07:04.410683+00:00] shiftPLAN-API.DEBUG: Current time zone: UTC [] []
[2020-06-10T14:07:04.414713+00:00] shiftPLAN-API.DEBUG: Current server time zone: UTC [] []
[2020-06-10T14:07:04.415146+00:00] shiftPLAN-API.DEBUG: Dirname: C:\Users\andreas\Documents\Programmieren\Projekte\ShiftPLAN\API\api/vendor/autoload.php [] []
[2020-06-10T14:07:04.415511+00:00] shiftPLAN-API.DEBUG: Dirname: C:\Users\andreas\Documents\Programmieren\Projekte\ShiftPLAN\API\api/vendor/autoload.php [] []
[2020-06-10T14:07:43.025133+00:00] shiftPLAN-API.WARNING: Current time zone: UTC [] []
[2020-06-10T14:07:43.027817+00:00] shiftPLAN-API.ERROR: Current server time zone: UTC [] []
[2020-06-10T14:07:43.028194+00:00] shiftPLAN-API.DEBUG: Dirname: C:\Users\andreas\Documents\Programmieren\Projekte\ShiftPLAN\API\api/vendor/autoload.php [] []
[2020-06-10T14:07:43.028574+00:00] shiftPLAN-API.DEBUG: Dirname: C:\Users\andreas\Documents\Programmieren\Projekte\ShiftPLAN\API\api/vendor/autoload.php [] []
[2020-06-10T14:08:24.834967+00:00] shiftPLAN-API.WARNING: Current time zone: UTC [] []
[2020-06-10T14:08:24.837657+00:00] shiftPLAN-API.ERROR: Current server time zone: UTC [] []
[2020-06-10T14:14:20.240884+00:00] shiftPLAN-API.WARNING: Current time zone: UTC [] []
[2020-06-10T14:18:06.884203+00:00] shiftPLAN-API.WARNING: Current time zone: UTC [] []
2020-06-10 15:17:22+00:00 > WARNING > Current time zone: UTC
2020-06-10 15:19:45 > WARNING > Current time zone: UTC
2020-06-10 15:20:43 > WARNING > Current time zone: UTC
2020-06-10 15:21:17 > WARNING > Current time zone: UTC
2020-06-10 15:22:10 > WARNING > Current time zone: UTC
2020-06-10 15:23:20 > ERROR > Current time zone: UTC
2020-06-10 15:26:49 > ERROR > Current time zone: UTC
2020-06-10 15:27:04 > ERROR > Current time zone: UTC
2020-06-10 15:27:04 > ERROR > Current server time zone: UTC
2020-06-10 15:27:04 > DEBUG > Dirname: C:\Users\andreas\Documents\Programmieren\Projekte\ShiftPLAN\API\api/vendor/autoload.php
2020-06-10 15:27:04 > DEBUG > Dirname: C:\Users\andreas\Documents\Programmieren\Projekte\ShiftPLAN\API\api/vendor/autoload.php
2020-06-10 15:27:50 > ERROR > Current time zone: UTC
2020-06-10 15:47:10 > ERROR > Current time zone: UTC
2020-06-10 15:49:24 > ERROR > Current time zone: UTC
2020-06-10 15:49:24 > ERROR > Current server time zone: UTC
2020-06-10 15:49:24 > DEBUG > Dirname: C:\Users\andreas\Documents\Programmieren\Projekte\ShiftPLAN\API\api/vendor/autoload.php
2020-06-10 15:49:24 > DEBUG > Dirname: C:\Users\andreas\Documents\Programmieren\Projekte\ShiftPLAN\API\api/vendor/autoload.php
2020-06-10 15:49:30 > ERROR > Current time zone: UTC
2020-06-10 15:50:50 > ERROR > Current time zone: UTC
2020-06-10 15:50:50 > WARNING > Current server time zone: UTC
2020-06-10 15:50:50 > DEBUG > Dirname: C:\Users\andreas\Documents\Programmieren\Projekte\ShiftPLAN\API\api/vendor/autoload.php
2020-06-10 15:50:50 > DEBUG > Dirname: C:\Users\andreas\Documents\Programmieren\Projekte\ShiftPLAN\API\api/vendor/autoload.php
